0 info it worked if it ends with ok
1 verbose cli [ 'C:\\Program Files\\nodejs\\node.exe',
1 verbose cli   'C:\\Users\\123\\AppData\\Roaming\\npm\\node_modules\\npm\\bin\\npm-cli.js',
1 verbose cli   'start' ]
2 info using npm@3.10.5
3 info using node@v4.4.7
4 verbose run-script [ 'prestart', 'start', 'poststart' ]
5 info lifecycle MeetingAssistant@0.0.1~prestart: MeetingAssistant@0.0.1
6 silly lifecycle MeetingAssistant@0.0.1~prestart: no script for prestart, continuing
7 info lifecycle MeetingAssistant@0.0.1~start: MeetingAssistant@0.0.1
8 verbose lifecycle MeetingAssistant@0.0.1~start: unsafe-perm in lifecycle true
9 verbose lifecycle MeetingAssistant@0.0.1~start: PATH: C:\Users\123\AppData\Roaming\npm\node_modules\npm\bin\node-gyp-bin;E:\MeetingAssistant\app\node_modules\.bin;C:\Program Files\nodejs;C:\ProgramData\Oracle\Java\javapath;C:\Program Files (x86)\Intel\iCLS Client\;C:\Program Files\Intel\iCLS Client\;C:\Windows\system32;C:\Windows;C:\Windows\System32\Wbem;C:\Windows\System32\WindowsPowerShell\v1.0\;C:\Program Files\Intel\Intel(R) Management Engine Components\DAL;C:\Program Files\Intel\Intel(R) Management Engine Components\IPT;C:\Program Files (x86)\Intel\Intel(R) Management Engine Components\DAL;C:\Program Files (x86)\Intel\Intel(R) Management Engine Components\IPT;C:\Program Files (x86)\NVIDIA Corporation\PhysX\Common;C:\Program Files\Intel\WiFi\bin\;C:\Program Files\Common Files\Intel\WirelessCommon\;C:\WINDOWS\system32;C:\WINDOWS;C:\WINDOWS\System32\Wbem;C:\WINDOWS\System32\WindowsPowerShell\v1.0\;D:\Java\jdk1.8.0_51\bin;D:\Java\jdk1.8.0_51\jre\bin;C:\Program Files\nodejs\;C:\Program Files (x86)\Git\bin;C:\Program Files (x86)\Git\cmd;C:\Program Files\MongoDB\Server\3.2\bin;C:\Program Files (x86)\Skype\Phone\;C:\Program Files\Intel\WiFi\bin\;C:\Program Files\Common Files\Intel\WirelessCommon\;D:\Java\jdk1.8.0_51\bin;D:\Java\jdk1.8.0_51\jre\bin;C:\Users\123\AppData\Roaming\npm;C:\Program Files\MongoDB\Server\3.2\bin
10 verbose lifecycle MeetingAssistant@0.0.1~start: CWD: E:\MeetingAssistant\app
11 silly lifecycle MeetingAssistant@0.0.1~start: Args: [ '/d /s /c', 'node ./bin/www' ]
12 silly lifecycle MeetingAssistant@0.0.1~start: Returned: code: 1  signal: null
13 info lifecycle MeetingAssistant@0.0.1~start: Failed to exec start script
14 verbose stack Error: MeetingAssistant@0.0.1 start: `node ./bin/www`
14 verbose stack Exit status 1
14 verbose stack     at EventEmitter.<anonymous> (C:\Users\123\AppData\Roaming\npm\node_modules\npm\lib\utils\lifecycle.js:242:16)
14 verbose stack     at emitTwo (events.js:87:13)
14 verbose stack     at EventEmitter.emit (events.js:172:7)
14 verbose stack     at ChildProcess.<anonymous> (C:\Users\123\AppData\Roaming\npm\node_modules\npm\lib\utils\spawn.js:40:14)
14 verbose stack     at emitTwo (events.js:87:13)
14 verbose stack     at ChildProcess.emit (events.js:172:7)
14 verbose stack     at maybeClose (internal/child_process.js:827:16)
14 verbose stack     at Process.ChildProcess._handle.onexit (internal/child_process.js:211:5)
15 verbose pkgid MeetingAssistant@0.0.1
16 verbose cwd E:\MeetingAssistant\app
17 error Windows_NT 10.0.10586
18 error argv "C:\\Program Files\\nodejs\\node.exe" "C:\\Users\\123\\AppData\\Roaming\\npm\\node_modules\\npm\\bin\\npm-cli.js" "start"
19 error node v4.4.7
20 error npm  v3.10.5
21 error code ELIFECYCLE
22 error MeetingAssistant@0.0.1 start: `node ./bin/www`
22 error Exit status 1
23 error Failed at the MeetingAssistant@0.0.1 start script 'node ./bin/www'.
23 error Make sure you have the latest version of node.js and npm installed.
23 error If you do, this is most likely a problem with the MeetingAssistant package,
23 error not with npm itself.
23 error Tell the author that this fails on your system:
23 error     node ./bin/www
23 error You can get information on how to open an issue for this project with:
23 error     npm bugs MeetingAssistant
23 error Or if that isn't available, you can get their info via:
23 error     npm owner ls MeetingAssistant
23 error There is likely additional logging output above.
24 verbose exit [ 1, true ]
